[2018-05-22 17:21:57] api.INFO: test is going on1 [] []
[2018-05-22 17:21:57] api.INFO: test is going on1 [] []
[2018-05-22 17:49:14] api.INFO: 0 [] []
[2018-05-22 17:49:14] api.INFO: 1 [] []
[2018-05-22 17:49:14] api.INFO: 2 [] []
[2018-05-23 07:53:46] api.INFO: 0 [] []
[2018-05-23 07:53:46] api.INFO: 1 [] []
[2018-05-23 07:53:46] api.INFO: 2 [] []
[2018-05-23 14:39:52] api.INFO: Test999999 [] []
[2018-05-23 14:41:45] api.ERROR: DataBase Error.<br/>SQLSTATE[42S22]: Column not found: 1054 Unknown column 'ip_invoice_item.item_quantity' in 'field list' [] []
[2018-05-23 16:54:45] api.INFO: Test999999 [] []
[2018-05-23 16:57:21] api.INFO: Test999999 [] []
[2018-06-02 03:22:16] api.ERROR: DataBase Error.<br/>SQLSTATE[42S02]: Base table or view not found: 1146 Table 'invoicep.ext_client_map' doesn't exist [] []
[2018-06-02 03:22:17] api.ERROR: DataBase Error.<br/>SQLSTATE[42S02]: Base table or view not found: 1146 Table 'invoicep.ext_client_map' doesn't exist [] []
[2018-06-02 03:22:17] api.ERROR: DataBase Error.<br/>SQLSTATE[42S02]: Base table or view not found: 1146 Table 'invoicep.ext_client_map' doesn't exist [] []
[2018-06-02 03:22:17] api.ERROR: DataBase Error.<br/>SQLSTATE[42S02]: Base table or view not found: 1146 Table 'invoicep.ext_client_map' doesn't exist [] []
[2018-06-02 03:22:17] api.ERROR: DataBase Error.<br/>SQLSTATE[42S02]: Base table or view not found: 1146 Table 'invoicep.ext_client_map' doesn't exist [] []
[2018-06-02 03:22:17] api.ERROR: DataBase Error.<br/>SQLSTATE[42S02]: Base table or view not found: 1146 Table 'invoicep.ext_client_map' doesn't exist [] []
[2018-06-02 03:22:17] api.ERROR: DataBase Error.<br/>SQLSTATE[42S02]: Base table or view not found: 1146 Table 'invoicep.ext_client_map' doesn't exist [] []
[2018-06-02 03:22:17] api.ERROR: DataBase Error.<br/>SQLSTATE[42S02]: Base table or view not found: 1146 Table 'invoicep.ext_client_map' doesn't exist [] []
[2018-06-02 03:22:17] api.ERROR: DataBase Error.<br/>SQLSTATE[42S02]: Base table or view not found: 1146 Table 'invoicep.ext_client_map' doesn't exist [] []
[2018-06-02 03:22:17] api.ERROR: DataBase Error.<br/>SQLSTATE[42S02]: Base table or view not found: 1146 Table 'invoicep.ext_client_map' doesn't exist [] []
[2018-06-02 03:22:17] api.ERROR: DataBase Error.<br/>SQLSTATE[42S02]: Base table or view not found: 1146 Table 'invoicep.ext_client_map' doesn't exist [] []
[2018-06-02 03:22:17] api.ERROR: DataBase Error.<br/>SQLSTATE[42S02]: Base table or view not found: 1146 Table 'invoicep.ext_client_map' doesn't exist [] []
[2018-06-02 03:22:17] api.ERROR: DataBase Error.<br/>SQLSTATE[42S02]: Base table or view not found: 1146 Table 'invoicep.ext_client_map' doesn't exist [] []
[2018-06-02 03:22:17] api.ERROR: DataBase Error.<br/>SQLSTATE[42S02]: Base table or view not found: 1146 Table 'invoicep.ext_client_map' doesn't exist [] []
[2018-06-02 03:22:18] api.ERROR: DataBase Error.<br/>SQLSTATE[42S02]: Base table or view not found: 1146 Table 'invoicep.ext_client_map' doesn't exist [] []
[2018-06-02 03:22:18] api.ERROR: DataBase Error.<br/>SQLSTATE[42S02]: Base table or view not found: 1146 Table 'invoicep.ext_client_map' doesn't exist [] []
[2018-06-02 03:22:18] api.ERROR: DataBase Error.<br/>SQLSTATE[42S02]: Base table or view not found: 1146 Table 'invoicep.ext_client_map' doesn't exist [] []
[2018-06-02 03:22:18] api.ERROR: DataBase Error.<br/>SQLSTATE[42S02]: Base table or view not found: 1146 Table 'invoicep.ext_client_map' doesn't exist [] []
[2018-06-02 03:22:18] api.ERROR: DataBase Error.<br/>SQLSTATE[42S02]: Base table or view not found: 1146 Table 'invoicep.ext_client_map' doesn't exist [] []
[2018-06-02 03:22:18] api.ERROR: DataBase Error.<br/>SQLSTATE[42S02]: Base table or view not found: 1146 Table 'invoicep.ext_client_map' doesn't exist [] []
[2018-06-02 03:22:18] api.ERROR: DataBase Error.<br/>SQLSTATE[42S02]: Base table or view not found: 1146 Table 'invoicep.ext_client_map' doesn't exist [] []
[2018-06-02 03:22:18] api.ERROR: DataBase Error.<br/>SQLSTATE[42S02]: Base table or view not found: 1146 Table 'invoicep.ext_client_map' doesn't exist [] []
[2018-06-02 03:22:18] api.ERROR: DataBase Error.<br/>SQLSTATE[42S02]: Base table or view not found: 1146 Table 'invoicep.ext_client_map' doesn't exist [] []
[2018-06-02 03:22:18] api.ERROR: DataBase Error.<br/>SQLSTATE[42S02]: Base table or view not found: 1146 Table 'invoicep.ext_client_map' doesn't exist [] []
[2018-06-02 03:22:18] api.ERROR: DataBase Error.<br/>SQLSTATE[42S02]: Base table or view not found: 1146 Table 'invoicep.ext_client_map' doesn't exist [] []
[2018-06-02 03:22:18] api.ERROR: DataBase Error.<br/>SQLSTATE[42S02]: Base table or view not found: 1146 Table 'invoicep.ext_client_map' doesn't exist [] []
[2018-06-02 03:22:18] api.ERROR: DataBase Error.<br/>SQLSTATE[42S02]: Base table or view not found: 1146 Table 'invoicep.ext_client_map' doesn't exist [] []
[2018-06-02 03:22:18] api.ERROR: DataBase Error.<br/>SQLSTATE[42S02]: Base table or view not found: 1146 Table 'invoicep.ext_client_map' doesn't exist [] []
[2018-06-02 03:22:18] api.ERROR: DataBase Error.<br/>SQLSTATE[42S02]: Base table or view not found: 1146 Table 'invoicep.ext_client_map' doesn't exist [] []
[2018-06-02 03:22:19] api.ERROR: DataBase Error.<br/>SQLSTATE[42S02]: Base table or view not found: 1146 Table 'invoicep.ext_client_map' doesn't exist [] []
[2018-06-02 03:22:19] api.ERROR: DataBase Error.<br/>SQLSTATE[42S02]: Base table or view not found: 1146 Table 'invoicep.ext_client_map' doesn't exist [] []
[2018-06-02 03:22:19] api.ERROR: DataBase Error.<br/>SQLSTATE[42S02]: Base table or view not found: 1146 Table 'invoicep.ext_client_map' doesn't exist [] []
[2018-06-02 03:22:19] api.ERROR: DataBase Error.<br/>SQLSTATE[42S02]: Base table or view not found: 1146 Table 'invoicep.ext_client_map' doesn't exist [] []
[2018-06-02 03:22:19] api.ERROR: DataBase Error.<br/>SQLSTATE[42S02]: Base table or view not found: 1146 Table 'invoicep.ext_client_map' doesn't exist [] []
[2018-06-02 03:22:19] api.ERROR: DataBase Error.<br/>SQLSTATE[42S02]: Base table or view not found: 1146 Table 'invoicep.ext_client_map' doesn't exist [] []
[2018-06-02 03:22:19] api.ERROR: DataBase Error.<br/>SQLSTATE[42S02]: Base table or view not found: 1146 Table 'invoicep.ext_client_map' doesn't exist [] []
[2018-06-02 03:22:19] api.ERROR: DataBase Error.<br/>SQLSTATE[42S02]: Base table or view not found: 1146 Table 'invoicep.ext_client_map' doesn't exist [] []
[2018-06-02 03:22:19] api.ERROR: DataBase Error.<br/>SQLSTATE[42S02]: Base table or view not found: 1146 Table 'invoicep.ext_client_map' doesn't exist [] []
[2018-06-02 03:22:19] api.ERROR: DataBase Error.<br/>SQLSTATE[42S02]: Base table or view not found: 1146 Table 'invoicep.ext_client_map' doesn't exist [] []
[2018-06-02 03:22:19] api.ERROR: DataBase Error.<br/>SQLSTATE[42S02]: Base table or view not found: 1146 Table 'invoicep.ext_client_map' doesn't exist [] []
[2018-06-02 03:22:19] api.ERROR: DataBase Error.<br/>SQLSTATE[42S02]: Base table or view not found: 1146 Table 'invoicep.ext_client_map' doesn't exist [] []
[2018-06-02 03:22:19] api.ERROR: DataBase Error.<br/>SQLSTATE[42S02]: Base table or view not found: 1146 Table 'invoicep.ext_client_map' doesn't exist [] []
[2018-06-02 03:22:19] api.ERROR: DataBase Error.<br/>SQLSTATE[42S02]: Base table or view not found: 1146 Table 'invoicep.ext_client_map' doesn't exist [] []
[2018-06-02 03:22:19] api.ERROR: DataBase Error.<br/>SQLSTATE[42S02]: Base table or view not found: 1146 Table 'invoicep.ext_client_map' doesn't exist [] []
[2018-06-02 03:22:19] api.ERROR: DataBase Error.<br/>SQLSTATE[42S02]: Base table or view not found: 1146 Table 'invoicep.ext_client_map' doesn't exist [] []
[2018-06-02 03:22:19] api.ERROR: DataBase Error.<br/>SQLSTATE[42S02]: Base table or view not found: 1146 Table 'invoicep.ext_client_map' doesn't exist [] []
[2018-06-02 03:22:20] api.ERROR: DataBase Error.<br/>SQLSTATE[42S02]: Base table or view not found: 1146 Table 'invoicep.ext_client_map' doesn't exist [] []
[2018-06-02 03:22:20] api.ERROR: DataBase Error.<br/>SQLSTATE[42S02]: Base table or view not found: 1146 Table 'invoicep.ext_client_map' doesn't exist [] []
[2018-06-02 03:22:20] api.ERROR: DataBase Error.<br/>SQLSTATE[42S02]: Base table or view not found: 1146 Table 'invoicep.ext_client_map' doesn't exist [] []
[2018-06-02 03:22:20] api.ERROR: DataBase Error.<br/>SQLSTATE[42S02]: Base table or view not found: 1146 Table 'invoicep.ext_client_map' doesn't exist [] []
[2018-06-02 03:22:20] api.ERROR: DataBase Error.<br/>SQLSTATE[42S02]: Base table or view not found: 1146 Table 'invoicep.ext_client_map' doesn't exist [] []
[2018-06-02 03:22:20] api.ERROR: DataBase Error.<br/>SQLSTATE[42S02]: Base table or view not found: 1146 Table 'invoicep.ext_client_map' doesn't exist [] []
[2018-06-02 03:22:20] api.ERROR: DataBase Error.<br/>SQLSTATE[42S02]: Base table or view not found: 1146 Table 'invoicep.ext_client_map' doesn't exist [] []
[2018-06-02 03:22:20] api.ERROR: DataBase Error.<br/>SQLSTATE[42S02]: Base table or view not found: 1146 Table 'invoicep.ext_client_map' doesn't exist [] []
[2018-06-02 03:22:20] api.ERROR: DataBase Error.<br/>SQLSTATE[42S02]: Base table or view not found: 1146 Table 'invoicep.ext_client_map' doesn't exist [] []
[2018-06-02 03:22:20] api.ERROR: DataBase Error.<br/>SQLSTATE[42S02]: Base table or view not found: 1146 Table 'invoicep.ext_client_map' doesn't exist [] []
[2018-06-02 03:22:20] api.ERROR: DataBase Error.<br/>SQLSTATE[42S02]: Base table or view not found: 1146 Table 'invoicep.ext_client_map' doesn't exist [] []
[2018-06-02 03:22:20] api.ERROR: DataBase Error.<br/>SQLSTATE[42S02]: Base table or view not found: 1146 Table 'invoicep.ext_client_map' doesn't exist [] []
[2018-06-02 03:22:20] api.ERROR: DataBase Error.<br/>SQLSTATE[42S02]: Base table or view not found: 1146 Table 'invoicep.ext_client_map' doesn't exist [] []
[2018-06-02 03:22:20] api.ERROR: DataBase Error.<br/>SQLSTATE[42S02]: Base table or view not found: 1146 Table 'invoicep.ext_client_map' doesn't exist [] []
[2018-06-02 03:22:20] api.ERROR: DataBase Error.<br/>SQLSTATE[42S02]: Base table or view not found: 1146 Table 'invoicep.ext_client_map' doesn't exist [] []
[2018-06-02 03:22:20] api.ERROR: DataBase Error.<br/>SQLSTATE[42S02]: Base table or view not found: 1146 Table 'invoicep.ext_client_map' doesn't exist [] []
[2018-06-02 03:22:20] api.ERROR: DataBase Error.<br/>SQLSTATE[42S02]: Base table or view not found: 1146 Table 'invoicep.ext_client_map' doesn't exist [] []
[2018-06-02 03:22:21] api.ERROR: DataBase Error.<br/>SQLSTATE[42S02]: Base table or view not found: 1146 Table 'invoicep.ext_client_map' doesn't exist [] []
[2018-06-02 03:22:21] api.ERROR: DataBase Error.<br/>SQLSTATE[42S02]: Base table or view not found: 1146 Table 'invoicep.ext_client_map' doesn't exist [] []
[2018-06-02 03:22:21] api.ERROR: DataBase Error.<br/>SQLSTATE[42S02]: Base table or view not found: 1146 Table 'invoicep.ext_client_map' doesn't exist [] []
[2018-06-02 03:22:21] api.ERROR: DataBase Error.<br/>SQLSTATE[42S02]: Base table or view not found: 1146 Table 'invoicep.ext_client_map' doesn't exist [] []
[2018-06-02 03:22:21] api.ERROR: DataBase Error.<br/>SQLSTATE[42S02]: Base table or view not found: 1146 Table 'invoicep.ext_client_map' doesn't exist [] []
[2018-06-02 03:22:21] api.ERROR: DataBase Error.<br/>SQLSTATE[42S02]: Base table or view not found: 1146 Table 'invoicep.ext_client_map' doesn't exist [] []
[2018-06-02 03:22:21] api.ERROR: DataBase Error.<br/>SQLSTATE[42S02]: Base table or view not found: 1146 Table 'invoicep.ext_client_map' doesn't exist [] []
[2018-06-02 03:22:21] api.ERROR: DataBase Error.<br/>SQLSTATE[42S02]: Base table or view not found: 1146 Table 'invoicep.ext_client_map' doesn't exist [] []
[2018-06-02 03:22:21] api.ERROR: DataBase Error.<br/>SQLSTATE[42S02]: Base table or view not found: 1146 Table 'invoicep.ext_client_map' doesn't exist [] []
[2018-06-02 03:22:21] api.ERROR: DataBase Error.<br/>SQLSTATE[42S02]: Base table or view not found: 1146 Table 'invoicep.ext_client_map' doesn't exist [] []
[2018-06-02 03:22:21] api.ERROR: DataBase Error.<br/>SQLSTATE[42S02]: Base table or view not found: 1146 Table 'invoicep.ext_client_map' doesn't exist [] []
[2018-06-02 03:22:21] api.ERROR: DataBase Error.<br/>SQLSTATE[42S02]: Base table or view not found: 1146 Table 'invoicep.ext_client_map' doesn't exist [] []
[2018-06-02 03:22:21] api.ERROR: DataBase Error.<br/>SQLSTATE[42S02]: Base table or view not found: 1146 Table 'invoicep.ext_client_map' doesn't exist [] []
[2018-06-02 03:22:21] api.ERROR: DataBase Error.<br/>SQLSTATE[42S02]: Base table or view not found: 1146 Table 'invoicep.ext_client_map' doesn't exist [] []
[2018-06-02 03:22:21] api.ERROR: DataBase Error.<br/>SQLSTATE[42S02]: Base table or view not found: 1146 Table 'invoicep.ext_client_map' doesn't exist [] []
[2018-06-02 03:22:21] api.ERROR: DataBase Error.<br/>SQLSTATE[42S02]: Base table or view not found: 1146 Table 'invoicep.ext_client_map' doesn't exist [] []
[2018-06-02 03:22:21] api.ERROR: DataBase Error.<br/>SQLSTATE[42S02]: Base table or view not found: 1146 Table 'invoicep.ext_client_map' doesn't exist [] []
[2018-06-02 03:22:21] api.ERROR: DataBase Error.<br/>SQLSTATE[42S02]: Base table or view not found: 1146 Table 'invoicep.ext_client_map' doesn't exist [] []
[2018-06-02 03:22:22] api.ERROR: DataBase Error.<br/>SQLSTATE[42S02]: Base table or view not found: 1146 Table 'invoicep.ext_client_map' doesn't exist [] []
[2018-06-02 03:22:22] api.ERROR: DataBase Error.<br/>SQLSTATE[42S02]: Base table or view not found: 1146 Table 'invoicep.ext_family_map' doesn't exist [] []
[2018-06-02 03:22:22] api.ERROR: DataBase Error.<br/>SQLSTATE[42S02]: Base table or view not found: 1146 Table 'invoicep.ext_tax_map' doesn't exist [] []
[2018-06-02 03:22:22] api.ERROR: DataBase Error.<br/>SQLSTATE[42S02]: Base table or view not found: 1146 Table 'invoicep.ext_tax_map' doesn't exist [] []
[2018-06-02 03:22:22] api.ERROR: DataBase Error.<br/>SQLSTATE[42S02]: Base table or view not found: 1146 Table 'invoicep.ext_tax_map' doesn't exist [] []
[2018-06-02 03:22:22] api.ERROR: DataBase Error.<br/>SQLSTATE[42S02]: Base table or view not found: 1146 Table 'invoicep.ext_tax_map' doesn't exist [] []
[2018-06-02 03:22:22] api.ERROR: DataBase Error.<br/>SQLSTATE[42S02]: Base table or view not found: 1146 Table 'invoicep.ext_tax_map' doesn't exist [] []
[2018-06-02 03:22:22] api.ERROR: DataBase Error.<br/>SQLSTATE[42S02]: Base table or view not found: 1146 Table 'invoicep.ext_tax_map' doesn't exist [] []
[2018-06-02 03:22:22] api.ERROR: DataBase Error.<br/>SQLSTATE[42S02]: Base table or view not found: 1146 Table 'invoicep.ext_tax_map' doesn't exist [] []
[2018-06-02 03:22:22] api.ERROR: DataBase Error.<br/>SQLSTATE[42S02]: Base table or view not found: 1146 Table 'invoicep.ext_tax_map' doesn't exist [] []
[2018-06-02 03:22:22] api.ERROR: DataBase Error.<br/>SQLSTATE[42S02]: Base table or view not found: 1146 Table 'invoicep.ext_tax_map' doesn't exist [] []
[2018-06-02 03:22:23] api.ERROR: DataBase Error.<br/>SQLSTATE[42S02]: Base table or view not found: 1146 Table 'invoicep.ext_tax_map' doesn't exist [] []
[2018-06-02 03:22:23] api.ERROR: DataBase Error.<br/>SQLSTATE[42S02]: Base table or view not found: 1146 Table 'invoicep.ext_unit_map' doesn't exist [] []
[2018-06-02 03:22:23] api.ERROR: DataBase Error.<br/>SQLSTATE[42S02]: Base table or view not found: 1146 Table 'invoicep.ext_unit_map' doesn't exist [] []
[2018-06-02 03:22:23] api.ERROR: DataBase Error.<br/>SQLSTATE[42S02]: Base table or view not found: 1146 Table 'invoicep.ext_unit_map' doesn't exist [] []
[2018-06-02 03:22:23] api.ERROR: DataBase Error.<br/>SQLSTATE[42S02]: Base table or view not found: 1146 Table 'invoicep.ext_unit_map' doesn't exist [] []
[2018-06-02 03:22:23] api.ERROR: DataBase Error.<br/>SQLSTATE[42S02]: Base table or view not found: 1146 Table 'invoicep.ext_unit_map' doesn't exist [] []
[2018-06-02 03:22:23] api.ERROR: DataBase Error.<br/>SQLSTATE[42S02]: Base table or view not found: 1146 Table 'invoicep.ext_unit_map' doesn't exist [] []
[2018-06-02 03:22:23] api.ERROR: DataBase Error.<br/>SQLSTATE[42S02]: Base table or view not found: 1146 Table 'invoicep.ext_unit_map' doesn't exist [] []
[2018-06-02 03:22:23] api.ERROR: DataBase Error.<br/>SQLSTATE[42S02]: Base table or view not found: 1146 Table 'invoicep.ext_unit_map' doesn't exist [] []
[2018-06-02 03:22:23] api.INFO: EXT Product ID1274 [] []
[2018-06-02 03:22:23] api.ERROR: DataBase Error.<br/>SQLSTATE[42S02]: Base table or view not found: 1146 Table 'invoicep.ext_product_map' doesn't exist [] []
[2018-06-02 03:22:23] api.INFO: EXT Product ID1280 [] []
[2018-06-02 03:22:23] api.ERROR: DataBase Error.<br/>SQLSTATE[42S02]: Base table or view not found: 1146 Table 'invoicep.ext_product_map' doesn't exist [] []
[2018-06-02 03:22:23] api.INFO: EXT Product ID1275 [] []
[2018-06-02 03:22:23] api.ERROR: DataBase Error.<br/>SQLSTATE[42S02]: Base table or view not found: 1146 Table 'invoicep.ext_product_map' doesn't exist [] []
[2018-06-02 03:22:24] api.INFO: EXT Product ID1279 [] []
[2018-06-02 03:22:24] api.ERROR: DataBase Error.<br/>SQLSTATE[42S02]: Base table or view not found: 1146 Table 'invoicep.ext_product_map' doesn't exist [] []
[2018-06-02 03:23:50] api.INFO: Record Created For This ID1 [] []
[2018-06-02 03:23:50] api.INFO: Record Created For This ID2 [] []
[2018-06-02 03:23:51] api.INFO: Record Created For This ID3 [] []
[2018-06-02 03:23:51] api.INFO: Record Created For This ID4 [] []
[2018-06-02 03:23:51] api.INFO: Record Created For This ID5 [] []
[2018-06-02 03:23:51] api.INFO: Record Created For This ID6 [] []
[2018-06-02 03:23:51] api.INFO: Record Created For This ID7 [] []
[2018-06-02 03:23:52] api.INFO: Record Created For This ID8 [] []
[2018-06-02 03:23:52] api.INFO: Record Created For This ID9 [] []
[2018-06-02 03:23:52] api.INFO: Record Created For This ID10 [] []
[2018-06-02 03:23:52] api.INFO: Record Created For This ID11 [] []
[2018-06-02 03:23:52] api.INFO: Record Created For This ID12 [] []
[2018-06-02 03:23:53] api.INFO: Record Created For This ID13 [] []
[2018-06-02 03:23:53] api.INFO: Record Created For This ID14 [] []
[2018-06-02 03:23:53] api.INFO: Record Created For This ID15 [] []
[2018-06-02 03:23:53] api.INFO: Record Created For This ID16 [] []
[2018-06-02 03:23:53] api.INFO: Record Created For This ID17 [] []
[2018-06-02 03:23:53] api.INFO: Record Created For This ID18 [] []
[2018-06-02 03:23:54] api.INFO: Record Created For This ID19 [] []
[2018-06-02 03:23:54] api.INFO: Record Created For This ID20 [] []
[2018-06-02 03:23:54] api.INFO: Record Created For This ID21 [] []
[2018-06-02 03:23:54] api.INFO: Record Created For This ID22 [] []
[2018-06-02 03:23:54] api.INFO: Record Created For This ID23 [] []
[2018-06-02 03:23:54] api.INFO: Record Created For This ID24 [] []
[2018-06-02 03:23:55] api.INFO: Record Created For This ID25 [] []
[2018-06-02 03:23:55] api.INFO: Record Created For This ID26 [] []
[2018-06-02 03:23:55] api.INFO: Record Created For This ID27 [] []
[2018-06-02 03:23:55] api.INFO: Record Created For This ID28 [] []
[2018-06-02 03:23:55] api.INFO: Record Created For This ID29 [] []
[2018-06-02 03:23:56] api.INFO: Record Created For This ID30 [] []
[2018-06-02 03:23:56] api.INFO: Record Created For This ID31 [] []
[2018-06-02 03:23:56] api.INFO: Record Created For This ID32 [] []
[2018-06-02 03:23:56] api.INFO: Record Created For This ID33 [] []
[2018-06-02 03:23:56] api.INFO: Record Created For This ID34 [] []
[2018-06-02 03:23:56] api.INFO: Record Created For This ID35 [] []
[2018-06-02 03:23:57] api.INFO: Record Created For This ID36 [] []
[2018-06-02 03:23:57] api.INFO: Record Created For This ID37 [] []
[2018-06-02 03:23:57] api.INFO: Record Created For This ID38 [] []
[2018-06-02 03:23:57] api.INFO: Record Created For This ID39 [] []
[2018-06-02 03:23:58] api.INFO: Record Created For This ID40 [] []
[2018-06-02 03:23:58] api.INFO: Record Created For This ID41 [] []
[2018-06-02 03:23:58] api.INFO: Record Created For This ID42 [] []
[2018-06-02 03:23:58] api.INFO: Record Created For This ID43 [] []
[2018-06-02 03:23:58] api.INFO: Record Created For This ID44 [] []
[2018-06-02 03:23:59] api.INFO: Record Created For This ID45 [] []
[2018-06-02 03:23:59] api.INFO: Record Created For This ID46 [] []
[2018-06-02 03:23:59] api.INFO: Record Created For This ID47 [] []
[2018-06-02 03:23:59] api.INFO: Record Created For This ID48 [] []
[2018-06-02 03:23:59] api.INFO: Record Created For This ID49 [] []
[2018-06-02 03:24:00] api.INFO: Record Created For This ID50 [] []
[2018-06-02 03:24:00] api.INFO: Record Created For This ID51 [] []
[2018-06-02 03:24:00] api.INFO: Record Created For This ID52 [] []
[2018-06-02 03:24:00] api.INFO: Record Created For This ID53 [] []
[2018-06-02 03:24:01] api.INFO: Record Created For This ID54 [] []
[2018-06-02 03:24:01] api.INFO: Record Created For This ID55 [] []
[2018-06-02 03:24:01] api.INFO: Record Created For This ID56 [] []
[2018-06-02 03:24:01] api.INFO: Record Created For This ID57 [] []
[2018-06-02 03:24:01] api.INFO: Record Created For This ID58 [] []
[2018-06-02 03:24:02] api.INFO: Record Created For This ID59 [] []
[2018-06-02 03:24:02] api.INFO: Record Created For This ID60 [] []
[2018-06-02 03:24:02] api.INFO: Record Created For This ID61 [] []
[2018-06-02 03:24:02] api.INFO: Record Created For This ID62 [] []
[2018-06-02 03:24:02] api.INFO: Record Created For This ID63 [] []
[2018-06-02 03:24:02] api.INFO: Record Created For This ID64 [] []
[2018-06-02 03:24:03] api.INFO: Record Created For This ID65 [] []
[2018-06-02 03:24:03] api.INFO: Record Created For This ID66 [] []
[2018-06-02 03:24:03] api.INFO: Record Created For This ID67 [] []
[2018-06-02 03:24:03] api.INFO: Record Created For This ID68 [] []
[2018-06-02 03:24:04] api.INFO: Record Created For This ID69 [] []
[2018-06-02 03:24:04] api.INFO: Record Created For This ID70 [] []
[2018-06-02 03:24:04] api.INFO: Record Created For This ID71 [] []
[2018-06-02 03:24:04] api.INFO: Record Created For This ID72 [] []
[2018-06-02 03:24:05] api.INFO: Record Created For This ID73 [] []
[2018-06-02 03:24:05] api.INFO: Record Created For This ID74 [] []
[2018-06-02 03:24:05] api.INFO: Record Created For This ID75 [] []
[2018-06-02 03:24:05] api.INFO: Record Created For This ID76 [] []
[2018-06-02 03:24:05] api.INFO: Record Created For This ID77 [] []
[2018-06-02 03:24:05] api.INFO: Record Created For This ID78 [] []
[2018-06-02 03:24:06] api.INFO: Record Created For This ID79 [] []
[2018-06-02 03:24:06] api.INFO: Record Created For This ID80 [] []
[2018-06-02 03:24:06] api.INFO: Record Created For This ID81 [] []
[2018-06-02 03:24:06] api.INFO: Record Created For This ID82 [] []
[2018-06-02 03:24:07] api.INFO: Record Created For This ID1 [] []
[2018-06-02 03:24:07] api.INFO: Record Created For This ID1 [] []
[2018-06-02 03:24:07] api.INFO: Record Created For This ID2 [] []
[2018-06-02 03:24:07] api.INFO: Record Created For This ID3 [] []
[2018-06-02 03:24:07] api.INFO: Record Created For This ID4 [] []
[2018-06-02 03:24:08] api.INFO: Record Created For This ID5 [] []
[2018-06-02 03:24:08] api.INFO: Record Created For This ID6 [] []
[2018-06-02 03:24:08] api.INFO: Record Created For This ID7 [] []
[2018-06-02 03:24:08] api.INFO: Record Created For This ID8 [] []
[2018-06-02 03:24:08] api.INFO: Record Created For This ID9 [] []
[2018-06-02 03:24:09] api.INFO: Record Created For This ID10 [] []
[2018-06-02 03:24:09] api.INFO: Record Created For This ID1 [] []
[2018-06-02 03:24:09] api.INFO: Record Created For This ID2 [] []
[2018-06-02 03:24:10] api.INFO: Record Created For This ID3 [] []
[2018-06-02 03:24:10] api.INFO: Record Created For This ID4 [] []
[2018-06-02 03:24:10] api.INFO: Record Created For This ID5 [] []
[2018-06-02 03:24:11] api.INFO: Record Created For This ID6 [] []
[2018-06-02 03:24:11] api.INFO: Record Created For This ID7 [] []
[2018-06-02 03:24:11] api.INFO: Record Created For This ID8 [] []
[2018-06-02 03:24:12] api.INFO: EXT Product ID1274 [] []
[2018-06-02 03:24:12] api.INFO: Record Created For This ID1 [] []
[2018-06-02 03:24:12] api.INFO: EXT Product ID1280 [] []
[2018-06-02 03:24:12] api.INFO: Record Created For This ID2 [] []
[2018-06-02 03:24:12] api.INFO: EXT Product ID1275 [] []
[2018-06-02 03:24:12] api.INFO: Record Created For This ID3 [] []
[2018-06-02 03:24:13] api.INFO: EXT Product ID1279 [] []
[2018-06-02 03:24:13] api.INFO: Record Created For This ID4 [] []
[2018-06-02 03:30:03] api.ERROR: DataBase Error.<br/>SQLSTATE[42S22]: Column not found: 1054 Unknown column 'ip_invoice_items.item_product_unit_idd' in 'where clause' [] []
[2018-06-02 03:30:03] api.ERROR: DataBase Error.<br/>SQLSTATE[42S22]: Column not found: 1054 Unknown column 'ip_invoice_items.item_product_unit_idd' in 'where clause' [] []
[2018-06-02 03:31:24] api.INFO: Test999999 [] []
[2018-06-02 03:31:41] api.INFO: Test999999 [] []
